# JRE version: Java(TM) SE Runtime Environment (8.0_121-b13) (build 1.8.0_121-b13)
# Java VM: Java HotSpot(TM) 64-Bit Server VM (25.121-b13 mixed mode bsd-amd64 compressed oops)
Heap:
 PSYoungGen      total 387072K, used 256815K [0x000000076ab00000, 0x000000078c380000, 0x00000007c0000000)
  eden space 385024K, 66% used [0x000000076ab00000,0x000000077a443528,0x0000000782300000)
  from space 2048K, 76% used [0x000000078c180000,0x000000078c308728,0x000000078c380000)
  to   space 25088K, 0% used [0x0000000789280000,0x0000000789280000,0x000000078ab00000)
 ParOldGen       total 155136K, used 45387K [0x00000006c0000000, 0x00000006c9780000, 0x000000076ab00000)
  object space 155136K, 29% used [0x00000006c0000000,0x00000006c2c52c60,0x00000006c9780000)
 Metaspace       used 22695K, capacity 23032K, committed 23424K, reserved 1071104K
  class space    used 2270K, capacity 2367K, committed 2432K, reserved 1048576K
GC Heap History (10 events):
Event: 8,741 GC heap before
{Heap before GC invocations=5 (full 0):
 PSYoungGen      total 141824K, used 141821K [0x000000076ab00000, 0x0000000774000000, 0x00000007c0000000)
  eden space 131072K, 100% used [0x000000076ab00000,0x0000000772b00000,0x0000000772b00000)
  from space 10752K, 99% used [0x0000000773580000,0x0000000773fff750,0x0000000774000000)
  to   space 10752K, 0% used [0x0000000772b00000,0x0000000772b00000,0x0000000773580000)
 ParOldGen       total 175104K, used 23004K [0x00000006c0000000, 0x00000006cab00000, 0x000000076ab00000)
  object space 175104K, 13% used [0x00000006c0000000,0x00000006c16770b0,0x00000006cab00000)
 Metaspace       used 18723K, capacity 19086K, committed 19328K, reserved 1067008K
  class space    used 1970K, capacity 2067K, committed 2176K, reserved 1048576K
Event: 8,776 GC heap after
Heap after GC invocations=5 (full 0):
 PSYoungGen      total 141824K, used 10725K [0x000000076ab00000, 0x000000077d900000, 0x00000007c0000000)
  eden space 131072K, 0% used [0x000000076ab00000,0x000000076ab00000,0x0000000772b00000)
  from space 10752K, 99% used [0x0000000772b00000,0x0000000773579628,0x0000000773580000)
  to   space 23552K, 0% used [0x000000077c200000,0x000000077c200000,0x000000077d900000)
 ParOldGen       total 175104K, used 33452K [0x00000006c0000000, 0x00000006cab00000, 0x000000076ab00000)
  object space 175104K, 19% used [0x00000006c0000000,0x00000006c20ab280,0x00000006cab00000)
 Metaspace       used 18723K, capacity 19086K, committed 19328K, reserved 1067008K
  class space    used 1970K, capacity 2067K, committed 2176K, reserved 1048576K
}
Event: 10,452 GC heap before
{Heap before GC invocations=6 (full 0):
 PSYoungGen      total 141824K, used 141797K [0x000000076ab00000, 0x000000077d900000, 0x00000007c0000000)
  eden space 131072K, 100% used [0x000000076ab00000,0x0000000772b00000,0x0000000772b00000)
  from space 10752K, 99% used [0x0000000772b00000,0x0000000773579628,0x0000000773580000)
  to   space 23552K, 0% used [0x000000077c200000,0x000000077c200000,0x000000077d900000)
 ParOldGen       total 175104K, used 33452K [0x00000006c0000000, 0x00000006cab00000, 0x000000076ab00000)
  object space 175104K, 19% used [0x00000006c0000000,0x00000006c20ab280,0x00000006cab00000)
 Metaspace       used 20095K, capacity 20416K, committed 20608K, reserved 1067008K
  class space    used 2080K, capacity 2165K, committed 2176K, reserved 1048576K
Event: 10,488 GC heap after
Heap after GC invocations=6 (full 0):
 PSYoungGen      total 285696K, used 14096K [0x000000076ab00000, 0x000000077d900000, 0x00000007c0000000)
  eden space 262144K, 0% used [0x000000076ab00000,0x000000076ab00000,0x000000077ab00000)
  from space 23552K, 59% used [0x000000077c200000,0x000000077cfc4390,0x000000077d900000)
  to   space 23552K, 0% used [0x000000077ab00000,0x000000077ab00000,0x000000077c200000)
 ParOldGen       total 175104K, used 33460K [0x00000006c0000000, 0x00000006cab00000, 0x000000076ab00000)
  object space 175104K, 19% used [0x00000006c0000000,0x00000006c20ad280,0x00000006cab00000)
 Metaspace       used 20095K, capacity 20416K, committed 20608K, reserved 1067008K
  class space    used 2080K, capacity 2165K, committed 2176K, reserved 1048576K
}
Event: 11,268 GC heap before
{Heap before GC invocations=7 (full 0):
 PSYoungGen      total 285696K, used 87733K [0x000000076ab00000, 0x000000077d900000, 0x00000007c0000000)
  eden space 262144K, 28% used [0x000000076ab00000,0x000000076f2e9168,0x000000077ab00000)
  from space 23552K, 59% used [0x000000077c200000,0x000000077cfc4390,0x000000077d900000)
  to   space 23552K, 0% used [0x000000077ab00000,0x000000077ab00000,0x000000077c200000)
 ParOldGen       total 175104K, used 33460K [0x00000006c0000000, 0x00000006cab00000, 0x000000076ab00000)
  object space 175104K, 19% used [0x00000006c0000000,0x00000006c20ad280,0x00000006cab00000)
 Metaspace       used 20712K, capacity 21030K, committed 21248K, reserved 1069056K
  class space    used 2120K, capacity 2198K, committed 2304K, reserved 1048576K
Event: 11,307 GC heap after
Heap after GC invocations=7 (full 0):
 PSYoungGen      total 285696K, used 15465K [0x000000076ab00000, 0x000000078d800000, 0x00000007c0000000)
  eden space 262144K, 0% used [0x000000076ab00000,0x000000076ab00000,0x000000077ab00000)
  from space 23552K, 65% used [0x000000077ab00000,0x000000077ba1a7e8,0x000000077c200000)
  to   space 23040K, 0% used [0x000000078c180000,0x000000078c180000,0x000000078d800000)
 ParOldGen       total 175104K, used 38049K [0x00000006c0000000, 0x00000006cab00000, 0x000000076ab00000)
  object space 175104K, 21% used [0x00000006c0000000,0x00000006c25286c0,0x00000006cab00000)
 Metaspace       used 20712K, capacity 21030K, committed 21248K, reserved 1069056K
  class space    used 2120K, capacity 2198K, committed 2304K, reserved 1048576K
}
Event: 11,307 GC heap before
{Heap before GC invocations=8 (full 1):
 PSYoungGen      total 285696K, used 15465K [0x000000076ab00000, 0x000000078d800000, 0x00000007c0000000)
  eden space 262144K, 0% used [0x000000076ab00000,0x000000076ab00000,0x000000077ab00000)
  from space 23552K, 65% used [0x000000077ab00000,0x000000077ba1a7e8,0x000000077c200000)
  to   space 23040K, 0% used [0x000000078c180000,0x000000078c180000,0x000000078d800000)
 ParOldGen       total 175104K, used 38049K [0x00000006c0000000, 0x00000006cab00000, 0x000000076ab00000)
  object space 175104K, 21% used [0x00000006c0000000,0x00000006c25286c0,0x00000006cab00000)
 Metaspace       used 20712K, capacity 21030K, committed 21248K, reserved 1069056K
  class space    used 2120K, capacity 2198K, committed 2304K, reserved 1048576K
Event: 11,557 GC heap after
Heap after GC invocations=8 (full 1):
 PSYoungGen      total 285696K, used 0K [0x000000076ab00000, 0x000000078d800000, 0x00000007c0000000)
  eden space 262144K, 0% used [0x000000076ab00000,0x000000076ab00000,0x000000077ab00000)
  from space 23552K, 0% used [0x000000077ab00000,0x000000077ab00000,0x000000077c200000)
  to   space 23040K, 0% used [0x000000078c180000,0x000000078c180000,0x000000078d800000)
 ParOldGen       total 155136K, used 45379K [0x00000006c0000000, 0x00000006c9780000, 0x000000076ab00000)
  object space 155136K, 29% used [0x00000006c0000000,0x00000006c2c50c60,0x00000006c9780000)
 Metaspace       used 20712K, capacity 21030K, committed 21248K, reserved 1069056K
  class space    used 2120K, capacity 2198K, committed 2304K, reserved 1048576K
}
Event: 14,325 GC heap before
{Heap before GC invocations=9 (full 1):
 PSYoungGen      total 285696K, used 262144K [0x000000076ab00000, 0x000000078d800000, 0x00000007c0000000)
  eden space 262144K, 100% used [0x000000076ab00000,0x000000077ab00000,0x000000077ab00000)
  from space 23552K, 0% used [0x000000077ab00000,0x000000077ab00000,0x000000077c200000)
  to   space 23040K, 0% used [0x000000078c180000,0x000000078c180000,0x000000078d800000)
 ParOldGen       total 155136K, used 45379K [0x00000006c0000000, 0x00000006c9780000, 0x000000076ab00000)
  object space 155136K, 29% used [0x00000006c0000000,0x00000006c2c50c60,0x00000006c9780000)
 Metaspace       used 21728K, capacity 22064K, committed 22272K, reserved 1069056K
  class space    used 2185K, capacity 2263K, committed 2304K, reserved 1048576K
Event: 14,341 GC heap after
Heap after GC invocations=9 (full 1):
 PSYoungGen      total 387072K, used 1569K [0x000000076ab00000, 0x000000078c380000, 0x00000007c0000000)
  eden space 385024K, 0% used [0x000000076ab00000,0x000000076ab00000,0x0000000782300000)
  from space 2048K, 76% used [0x000000078c180000,0x000000078c308728,0x000000078c380000)
  to   space 25088K, 0% used [0x0000000789280000,0x0000000789280000,0x000000078ab00000)
 ParOldGen       total 155136K, used 45387K [0x00000006c0000000, 0x00000006c9780000, 0x000000076ab00000)
  object space 155136K, 29% used [0x00000006c0000000,0x00000006c2c52c60,0x00000006c9780000)
 Metaspace       used 21728K, capacity 22064K, committed 22272K, reserved 1069056K
  class space    used 2185K, capacity 2263K, committed 2304K, reserved 1048576K
}

