# JRE version: Java(TM) SE Runtime Environment (8.0_121-b13) (build 1.8.0_121-b13)
# Java VM: Java HotSpot(TM) 64-Bit Server VM (25.121-b13 mixed mode bsd-amd64 compressed oops)
Heap:
 PSYoungGen      total 360448K, used 324450K [0x000000076ab00000, 0x000000078c880000, 0x00000007c0000000)
  eden space 357376K, 89% used [0x000000076ab00000,0x000000077e4f8318,0x0000000780800000)
  from space 3072K, 95% used [0x000000078c580000,0x000000078c860728,0x000000078c880000)
  to   space 29696K, 0% used [0x0000000788e80000,0x0000000788e80000,0x000000078ab80000)
 ParOldGen       total 164864K, used 44924K [0x00000006c0000000, 0x00000006ca100000, 0x000000076ab00000)
  object space 164864K, 27% used [0x00000006c0000000,0x00000006c2bdf000,0x00000006ca100000)
 Metaspace       used 22822K, capacity 23164K, committed 23424K, reserved 1071104K
  class space    used 2278K, capacity 2367K, committed 2432K, reserved 1048576K
GC Heap History (10 events):
Event: 6,540 GC heap before
{Heap before GC invocations=3 (full 0):
 PSYoungGen      total 141824K, used 141804K [0x000000076ab00000, 0x0000000774000000, 0x00000007c0000000)
  eden space 131072K, 100% used [0x000000076ab00000,0x0000000772b00000,0x0000000772b00000)
  from space 10752K, 99% used [0x0000000773580000,0x0000000773ffb300,0x0000000774000000)
  to   space 10752K, 0% used [0x0000000772b00000,0x0000000772b00000,0x0000000773580000)
 ParOldGen       total 175104K, used 7439K [0x00000006c0000000, 0x00000006cab00000, 0x000000076ab00000)
  object space 175104K, 4% used [0x00000006c0000000,0x00000006c0743f38,0x00000006cab00000)
 Metaspace       used 17938K, capacity 18196K, committed 18432K, reserved 1064960K
  class space    used 1911K, capacity 2018K, committed 2048K, reserved 1048576K
Event: 6,582 GC heap after
Heap after GC invocations=3 (full 0):
 PSYoungGen      total 141824K, used 10746K [0x000000076ab00000, 0x000000077c000000, 0x00000007c0000000)
  eden space 131072K, 0% used [0x000000076ab00000,0x000000076ab00000,0x0000000772b00000)
  from space 10752K, 99% used [0x0000000772b00000,0x000000077357eac0,0x0000000773580000)
  to   space 10752K, 0% used [0x000000077b580000,0x000000077b580000,0x000000077c000000)
 ParOldGen       total 175104K, used 21028K [0x00000006c0000000, 0x00000006cab00000, 0x000000076ab00000)
  object space 175104K, 12% used [0x00000006c0000000,0x00000006c1489238,0x00000006cab00000)
 Metaspace       used 17938K, capacity 18196K, committed 18432K, reserved 1064960K
  class space    used 1911K, capacity 2018K, committed 2048K, reserved 1048576K
}
Event: 10,196 GC heap before
{Heap before GC invocations=4 (full 0):
 PSYoungGen      total 141824K, used 141818K [0x000000076ab00000, 0x000000077c000000, 0x00000007c0000000)
  eden space 131072K, 100% used [0x000000076ab00000,0x0000000772b00000,0x0000000772b00000)
  from space 10752K, 99% used [0x0000000772b00000,0x000000077357eac0,0x0000000773580000)
  to   space 10752K, 0% used [0x000000077b580000,0x000000077b580000,0x000000077c000000)
 ParOldGen       total 175104K, used 21028K [0x00000006c0000000, 0x00000006cab00000, 0x000000076ab00000)
  object space 175104K, 12% used [0x00000006c0000000,0x00000006c1489238,0x00000006cab00000)
 Metaspace       used 18781K, capacity 19086K, committed 19328K, reserved 1067008K
  class space    used 1970K, capacity 2067K, committed 2176K, reserved 1048576K
Event: 10,249 GC heap after
Heap after GC invocations=4 (full 0):
 PSYoungGen      total 272896K, used 10749K [0x000000076ab00000, 0x000000077c000000, 0x00000007c0000000)
  eden space 262144K, 0% used [0x000000076ab00000,0x000000076ab00000,0x000000077ab00000)
  from space 10752K, 99% used [0x000000077b580000,0x000000077bfff758,0x000000077c000000)
  to   space 10752K, 0% used [0x000000077ab00000,0x000000077ab00000,0x000000077b580000)
 ParOldGen       total 175104K, used 33047K [0x00000006c0000000, 0x00000006cab00000, 0x000000076ab00000)
  object space 175104K, 18% used [0x00000006c0000000,0x00000006c2045c78,0x00000006cab00000)
 Metaspace       used 18781K, capacity 19086K, committed 19328K, reserved 1067008K
  class space    used 1970K, capacity 2067K, committed 2176K, reserved 1048576K
}
Event: 14,760 GC heap before
{Heap before GC invocations=5 (full 0):
 PSYoungGen      total 272896K, used 214188K [0x000000076ab00000, 0x000000077c000000, 0x00000007c0000000)
  eden space 262144K, 77% used [0x000000076ab00000,0x00000007771ab928,0x000000077ab00000)
  from space 10752K, 99% used [0x000000077b580000,0x000000077bfff758,0x000000077c000000)
  to   space 10752K, 0% used [0x000000077ab00000,0x000000077ab00000,0x000000077b580000)
 ParOldGen       total 175104K, used 33047K [0x00000006c0000000, 0x00000006cab00000, 0x000000076ab00000)
  object space 175104K, 18% used [0x00000006c0000000,0x00000006c2045c78,0x00000006cab00000)
 Metaspace       used 20723K, capacity 21028K, committed 21248K, reserved 1069056K
  class space    used 2120K, capacity 2197K, committed 2304K, reserved 1048576K
Event: 14,806 GC heap after
Heap after GC invocations=5 (full 0):
 PSYoungGen      total 272896K, used 10737K [0x000000076ab00000, 0x000000078e000000, 0x00000007c0000000)
  eden space 262144K, 0% used [0x000000076ab00000,0x000000076ab00000,0x000000077ab00000)
  from space 10752K, 99% used [0x000000077ab00000,0x000000077b57c640,0x000000077b580000)
  to   space 27136K, 0% used [0x000000078c580000,0x000000078c580000,0x000000078e000000)
 ParOldGen       total 175104K, used 42264K [0x00000006c0000000, 0x00000006cab00000, 0x000000076ab00000)
  object space 175104K, 24% used [0x00000006c0000000,0x00000006c29463e8,0x00000006cab00000)
 Metaspace       used 20723K, capacity 21028K, committed 21248K, reserved 1069056K
  class space    used 2120K, capacity 2197K, committed 2304K, reserved 1048576K
}
Event: 14,806 GC heap before
{Heap before GC invocations=6 (full 1):
 PSYoungGen      total 272896K, used 10737K [0x000000076ab00000, 0x000000078e000000, 0x00000007c0000000)
  eden space 262144K, 0% used [0x000000076ab00000,0x000000076ab00000,0x000000077ab00000)
  from space 10752K, 99% used [0x000000077ab00000,0x000000077b57c640,0x000000077b580000)
  to   space 27136K, 0% used [0x000000078c580000,0x000000078c580000,0x000000078e000000)
 ParOldGen       total 175104K, used 42264K [0x00000006c0000000, 0x00000006cab00000, 0x000000076ab00000)
  object space 175104K, 24% used [0x00000006c0000000,0x00000006c29463e8,0x00000006cab00000)
 Metaspace       used 20723K, capacity 21028K, committed 21248K, reserved 1069056K
  class space    used 2120K, capacity 2197K, committed 2304K, reserved 1048576K
Event: 15,088 GC heap after
Heap after GC invocations=6 (full 1):
 PSYoungGen      total 272896K, used 0K [0x000000076ab00000, 0x000000078e000000, 0x00000007c0000000)
  eden space 262144K, 0% used [0x000000076ab00000,0x000000076ab00000,0x000000077ab00000)
  from space 10752K, 0% used [0x000000077ab00000,0x000000077ab00000,0x000000077b580000)
  to   space 27136K, 0% used [0x000000078c580000,0x000000078c580000,0x000000078e000000)
 ParOldGen       total 164864K, used 44916K [0x00000006c0000000, 0x00000006ca100000, 0x000000076ab00000)
  object space 164864K, 27% used [0x00000006c0000000,0x00000006c2bdd000,0x00000006ca100000)
 Metaspace       used 20723K, capacity 21028K, committed 21248K, reserved 1069056K
  class space    used 2120K, capacity 2197K, committed 2304K, reserved 1048576K
}
Event: 18,329 GC heap before
{Heap before GC invocations=7 (full 1):
 PSYoungGen      total 272896K, used 262144K [0x000000076ab00000, 0x000000078e000000, 0x00000007c0000000)
  eden space 262144K, 100% used [0x000000076ab00000,0x000000077ab00000,0x000000077ab00000)
  from space 10752K, 0% used [0x000000077ab00000,0x000000077ab00000,0x000000077b580000)
  to   space 27136K, 0% used [0x000000078c580000,0x000000078c580000,0x000000078e000000)
 ParOldGen       total 164864K, used 44916K [0x00000006c0000000, 0x00000006ca100000, 0x000000076ab00000)
  object space 164864K, 27% used [0x00000006c0000000,0x00000006c2bdd000,0x00000006ca100000)
 Metaspace       used 21670K, capacity 22000K, committed 22272K, reserved 1069056K
  class space    used 2177K, capacity 2263K, committed 2304K, reserved 1048576K
Event: 18,339 GC heap after
Heap after GC invocations=7 (full 1):
 PSYoungGen      total 360448K, used 2945K [0x000000076ab00000, 0x000000078c880000, 0x00000007c0000000)
  eden space 357376K, 0% used [0x000000076ab00000,0x000000076ab00000,0x0000000780800000)
  from space 3072K, 95% used [0x000000078c580000,0x000000078c860728,0x000000078c880000)
  to   space 29696K, 0% used [0x0000000788e80000,0x0000000788e80000,0x000000078ab80000)
 ParOldGen       total 164864K, used 44924K [0x00000006c0000000, 0x00000006ca100000, 0x000000076ab00000)
  object space 164864K, 27% used [0x00000006c0000000,0x00000006c2bdf000,0x00000006ca100000)
 Metaspace       used 21670K, capacity 22000K, committed 22272K, reserved 1069056K
  class space    used 2177K, capacity 2263K, committed 2304K, reserved 1048576K
}

