# JRE version: Java(TM) SE Runtime Environment (8.0_121-b13) (build 1.8.0_121-b13)
# Java VM: Java HotSpot(TM) 64-Bit Server VM (25.121-b13 mixed mode bsd-amd64 compressed oops)
Heap:
 PSYoungGen      total 550912K, used 25659K [0x000000076ab00000, 0x000000078e100000, 0x00000007c0000000)
  eden space 523776K, 4% used [0x000000076ab00000,0x000000076c40ef50,0x000000078aa80000)
  from space 27136K, 0% used [0x000000078c580000,0x000000078c580000,0x000000078e000000)
  to   space 27648K, 0% used [0x000000078aa80000,0x000000078aa80000,0x000000078c580000)
 ParOldGen       total 162816K, used 40523K [0x00000006c0000000, 0x00000006c9f00000, 0x000000076ab00000)
  object space 162816K, 24% used [0x00000006c0000000,0x00000006c2792f40,0x00000006c9f00000)
 Metaspace       used 21346K, capacity 21674K, committed 21760K, reserved 1069056K
  class space    used 2168K, capacity 2262K, committed 2304K, reserved 1048576K
GC Heap History (10 events):
Event: 5,307 GC heap before
{Heap before GC invocations=3 (full 0):
 PSYoungGen      total 141824K, used 141812K [0x000000076ab00000, 0x0000000774000000, 0x00000007c0000000)
  eden space 131072K, 100% used [0x000000076ab00000,0x0000000772b00000,0x0000000772b00000)
  from space 10752K, 99% used [0x0000000773580000,0x0000000773ffd110,0x0000000774000000)
  to   space 10752K, 0% used [0x0000000772b00000,0x0000000772b00000,0x0000000773580000)
 ParOldGen       total 175104K, used 7576K [0x00000006c0000000, 0x00000006cab00000, 0x000000076ab00000)
  object space 175104K, 4% used [0x00000006c0000000,0x00000006c0766358,0x00000006cab00000)
 Metaspace       used 17843K, capacity 18100K, committed 18432K, reserved 1064960K
  class space    used 1901K, capacity 1986K, committed 2048K, reserved 1048576K
Event: 5,354 GC heap after
Heap after GC invocations=3 (full 0):
 PSYoungGen      total 141824K, used 10727K [0x000000076ab00000, 0x000000077c000000, 0x00000007c0000000)
  eden space 131072K, 0% used [0x000000076ab00000,0x000000076ab00000,0x0000000772b00000)
  from space 10752K, 99% used [0x0000000772b00000,0x0000000773579d08,0x0000000773580000)
  to   space 10752K, 0% used [0x000000077b580000,0x000000077b580000,0x000000077c000000)
 ParOldGen       total 175104K, used 22696K [0x00000006c0000000, 0x00000006cab00000, 0x000000076ab00000)
  object space 175104K, 12% used [0x00000006c0000000,0x00000006c162a000,0x00000006cab00000)
 Metaspace       used 17843K, capacity 18100K, committed 18432K, reserved 1064960K
  class space    used 1901K, capacity 1986K, committed 2048K, reserved 1048576K
}
Event: 7,000 GC heap before
{Heap before GC invocations=4 (full 0):
 PSYoungGen      total 141824K, used 141799K [0x000000076ab00000, 0x000000077c000000, 0x00000007c0000000)
  eden space 131072K, 100% used [0x000000076ab00000,0x0000000772b00000,0x0000000772b00000)
  from space 10752K, 99% used [0x0000000772b00000,0x0000000773579d08,0x0000000773580000)
  to   space 10752K, 0% used [0x000000077b580000,0x000000077b580000,0x000000077c000000)
 ParOldGen       total 175104K, used 22696K [0x00000006c0000000, 0x00000006cab00000, 0x000000076ab00000)
  object space 175104K, 12% used [0x00000006c0000000,0x00000006c162a000,0x00000006cab00000)
 Metaspace       used 18643K, capacity 18958K, committed 19328K, reserved 1067008K
  class space    used 1960K, capacity 2067K, committed 2176K, reserved 1048576K
Event: 7,045 GC heap after
Heap after GC invocations=4 (full 0):
 PSYoungGen      total 272896K, used 10727K [0x000000076ab00000, 0x000000077c000000, 0x00000007c0000000)
  eden space 262144K, 0% used [0x000000076ab00000,0x000000076ab00000,0x000000077ab00000)
  from space 10752K, 99% used [0x000000077b580000,0x000000077bff9e48,0x000000077c000000)
  to   space 10752K, 0% used [0x000000077ab00000,0x000000077ab00000,0x000000077b580000)
 ParOldGen       total 175104K, used 33262K [0x00000006c0000000, 0x00000006cab00000, 0x000000076ab00000)
  object space 175104K, 18% used [0x00000006c0000000,0x00000006c207ba40,0x00000006cab00000)
 Metaspace       used 18643K, capacity 18958K, committed 19328K, reserved 1067008K
  class space    used 1960K, capacity 2067K, committed 2176K, reserved 1048576K
}
Event: 9,702 GC heap before
{Heap before GC invocations=5 (full 0):
 PSYoungGen      total 272896K, used 272871K [0x000000076ab00000, 0x000000077c000000, 0x00000007c0000000)
  eden space 262144K, 100% used [0x000000076ab00000,0x000000077ab00000,0x000000077ab00000)
  from space 10752K, 99% used [0x000000077b580000,0x000000077bff9e48,0x000000077c000000)
  to   space 10752K, 0% used [0x000000077ab00000,0x000000077ab00000,0x000000077b580000)
 ParOldGen       total 175104K, used 33262K [0x00000006c0000000, 0x00000006cab00000, 0x000000076ab00000)
  object space 175104K, 18% used [0x00000006c0000000,0x00000006c207ba40,0x00000006cab00000)
 Metaspace       used 20209K, capacity 20550K, committed 20608K, reserved 1067008K
  class space    used 2087K, capacity 2166K, committed 2176K, reserved 1048576K
Event: 9,750 GC heap after
Heap after GC invocations=5 (full 0):
 PSYoungGen      total 272896K, used 10735K [0x000000076ab00000, 0x000000078e000000, 0x00000007c0000000)
  eden space 262144K, 0% used [0x000000076ab00000,0x000000076ab00000,0x000000077ab00000)
  from space 10752K, 99% used [0x000000077ab00000,0x000000077b57bf18,0x000000077b580000)
  to   space 27136K, 0% used [0x000000078c580000,0x000000078c580000,0x000000078e000000)
 ParOldGen       total 175104K, used 36626K [0x00000006c0000000, 0x00000006cab00000, 0x000000076ab00000)
  object space 175104K, 20% used [0x00000006c0000000,0x00000006c23c4b80,0x00000006cab00000)
 Metaspace       used 20209K, capacity 20550K, committed 20608K, reserved 1067008K
  class space    used 2087K, capacity 2166K, committed 2176K, reserved 1048576K
}
Event: 11,027 GC heap before
{Heap before GC invocations=6 (full 0):
 PSYoungGen      total 272896K, used 96784K [0x000000076ab00000, 0x000000078e000000, 0x00000007c0000000)
  eden space 262144K, 32% used [0x000000076ab00000,0x000000076ff08300,0x000000077ab00000)
  from space 10752K, 99% used [0x000000077ab00000,0x000000077b57bf18,0x000000077b580000)
  to   space 27136K, 0% used [0x000000078c580000,0x000000078c580000,0x000000078e000000)
 ParOldGen       total 175104K, used 36626K [0x00000006c0000000, 0x00000006cab00000, 0x000000076ab00000)
  object space 175104K, 20% used [0x00000006c0000000,0x00000006c23c4b80,0x00000006cab00000)
 Metaspace       used 20803K, capacity 21130K, committed 21248K, reserved 1069056K
  class space    used 2135K, capacity 2230K, committed 2304K, reserved 1048576K
Event: 11,066 GC heap after
Heap after GC invocations=6 (full 0):
 PSYoungGen      total 550912K, used 11570K [0x000000076ab00000, 0x000000078e100000, 0x00000007c0000000)
  eden space 523776K, 0% used [0x000000076ab00000,0x000000076ab00000,0x000000078aa80000)
  from space 27136K, 42% used [0x000000078c580000,0x000000078d0cc9b8,0x000000078e000000)
  to   space 27648K, 0% used [0x000000078aa80000,0x000000078aa80000,0x000000078c580000)
 ParOldGen       total 175104K, used 36634K [0x00000006c0000000, 0x00000006cab00000, 0x000000076ab00000)
  object space 175104K, 20% used [0x00000006c0000000,0x00000006c23c6b80,0x00000006cab00000)
 Metaspace       used 20803K, capacity 21130K, committed 21248K, reserved 1069056K
  class space    used 2135K, capacity 2230K, committed 2304K, reserved 1048576K
}
Event: 11,066 GC heap before
{Heap before GC invocations=7 (full 1):
 PSYoungGen      total 550912K, used 11570K [0x000000076ab00000, 0x000000078e100000, 0x00000007c0000000)
  eden space 523776K, 0% used [0x000000076ab00000,0x000000076ab00000,0x000000078aa80000)
  from space 27136K, 42% used [0x000000078c580000,0x000000078d0cc9b8,0x000000078e000000)
  to   space 27648K, 0% used [0x000000078aa80000,0x000000078aa80000,0x000000078c580000)
 ParOldGen       total 175104K, used 36634K [0x00000006c0000000, 0x00000006cab00000, 0x000000076ab00000)
  object space 175104K, 20% used [0x00000006c0000000,0x00000006c23c6b80,0x00000006cab00000)
 Metaspace       used 20803K, capacity 21130K, committed 21248K, reserved 1069056K
  class space    used 2135K, capacity 2230K, committed 2304K, reserved 1048576K
Event: 11,437 GC heap after
Heap after GC invocations=7 (full 1):
 PSYoungGen      total 550912K, used 0K [0x000000076ab00000, 0x000000078e100000, 0x00000007c0000000)
  eden space 523776K, 0% used [0x000000076ab00000,0x000000076ab00000,0x000000078aa80000)
  from space 27136K, 0% used [0x000000078c580000,0x000000078c580000,0x000000078e000000)
  to   space 27648K, 0% used [0x000000078aa80000,0x000000078aa80000,0x000000078c580000)
 ParOldGen       total 162816K, used 40523K [0x00000006c0000000, 0x00000006c9f00000, 0x000000076ab00000)
  object space 162816K, 24% used [0x00000006c0000000,0x00000006c2792f40,0x00000006c9f00000)
 Metaspace       used 20803K, capacity 21130K, committed 21248K, reserved 1069056K
  class space    used 2135K, capacity 2230K, committed 2304K, reserved 1048576K
}

